<?xml version="1.0" encoding="UTF-8"?>
<!-- Generated by org.testng.reporters.JUnitXMLReporter -->
<testsuite ignored="0" hostname="Anas" failures="0" tests="3" name="Default test" time="9.607" errors="0" timestamp="2023-12-21T12:35:35 EET">
  <testcase classname="finalProject.AmazonGiftCards" name="RandomGiftCard" time="3.273"/>
  <testcase classname="finalProject.AmazonGiftCards" name="RandomPriceAmount" time="0.151"/>
  <testcase classname="finalProject.AmazonGiftCards" name="fillAllBlank" time="0.719"/>
</testsuite> <!-- Default test -->
